c:\dev\opengl\baseopengl\baseopengl\debug\vc142.pdb
c:\dev\opengl\baseopengl\baseopengl\debug\vc142.idb
c:\dev\opengl\baseopengl\baseopengl\debug\vertexbuffer.obj
c:\dev\opengl\baseopengl\baseopengl\debug\vertexarray.obj
c:\dev\opengl\baseopengl\baseopengl\debug\source.obj
c:\dev\opengl\baseopengl\baseopengl\debug\shader.obj
c:\dev\opengl\baseopengl\baseopengl\debug\render.obj
c:\dev\opengl\baseopengl\baseopengl\debug\indexbuffer.obj
c:\dev\opengl\baseopengl\baseopengl\debug\texture.obj
c:\dev\opengl\baseopengl\debug\baseopengl.pdb
c:\dev\opengl\baseopengl\baseopengl\debug\baseopengl.tlog\cl.command.1.tlog
c:\dev\opengl\baseopengl\baseopengl\debug\baseopengl.tlog\cl.read.1.tlog
c:\dev\opengl\baseopengl\baseopengl\debug\baseopengl.tlog\cl.write.1.tlog
c:\dev\opengl\baseopengl\baseopengl\debug\baseopengl.tlog\link-cvtres.read.1.tlog
c:\dev\opengl\baseopengl\baseopengl\debug\baseopengl.tlog\link-cvtres.write.1.tlog
c:\dev\opengl\baseopengl\baseopengl\debug\baseopengl.tlog\link-rc.read.1.tlog
c:\dev\opengl\baseopengl\baseopengl\debug\baseopengl.tlog\link-rc.write.1.tlog
c:\dev\opengl\baseopengl\baseopengl\debug\baseopengl.tlog\link.command.1.tlog
c:\dev\opengl\baseopengl\baseopengl\debug\baseopengl.tlog\link.read.1.tlog
c:\dev\opengl\baseopengl\baseopengl\debug\baseopengl.tlog\link.write.1.tlog
